<?xml version="1.0" encoding="UTF-8"?>
<testsuite name="CDTest" tests="4" skipped="0" failures="0" errors="0" timestamp="2021-10-23T20:34:47" hostname="DESKTOP-AQHJ5SD" time="0.078">
  <properties/>
  <testcase name="cd_account_has_an_amount()" classname="CDTest" time="0.054"/>
  <testcase name="withdraw_more_than_cd_account_balance()" classname="CDTest" time="0.003"/>
  <testcase name="cd_account_has_a_name()" classname="CDTest" time="0.002"/>
  <testcase name="withdraw_from_cd_account()" classname="CDTest" time="0.002"/>
  <system-out><![CDATA[]]></system-out>
  <system-err><![CDATA[]]></system-err>
</testsuite>
